Arguments: 
  /home/manikanta/.nvm/versions/node/v12.19.0/bin/node /usr/share/yarn/bin/yarn.js add sequalize

PATH: 
  /usr/local/jdk1.8/bin:/home/manikanta/.nvm/versions/node/v12.19.0/bin:/usr/local/jdk1.8/bin:/home/manikanta/.local/bin:/usr/local/sbin:/usr/local/bin:/usr/sbin:/usr/bin:/sbin:/bin:/usr/games:/usr/local/games:/snap/bin:/usr/local/jdk1.8/bin:/usr/local/go/bin:/usr/local/scala/bin:/usr/local/spark/bin:/usr/local/jdk1.8/bin:/usr/local/go/bin:/usr/local/scala/bin:/usr/local/spark/bin

Yarn version: 
  1.22.5

Node version: 
  12.19.0

Platform: 
  linux x64

Trace: 
  Error: https://registry.yarnpkg.com/sequalize: Not found
      at Request.params.callback [as _callback] (/usr/share/yarn/lib/cli.js:66988:18)
      at Request.self.callback (/usr/share/yarn/lib/cli.js:140749:22)
      at Request.emit (events.js:314:20)
      at Request.<anonymous> (/usr/share/yarn/lib/cli.js:141721:10)
      at Request.emit (events.js:314:20)
      at IncomingMessage.<anonymous> (/usr/share/yarn/lib/cli.js:141643:12)
      at Object.onceWrapper (events.js:420:28)
      at IncomingMessage.emit (events.js:326:22)
      at endReadableNT (_stream_readable.js:1223:12)
      at processTicksAndRejections (internal/process/task_queues.js:84:21)

npm manifest: 
  {
    "name": "slack-clone-server",
    "version": "1.0.0",
    "description": "",
    "main": "index.js",
    "scripts": {
      "start": "nodemon --exec babel-node index.js"
    },
    "keywords": [],
    "author": "",
    "license": "ISC",
    "devDependencies": {
      "@babel/core": "^7.12.3",
      "@babel/node": "^7.12.6"
    }
  }

yarn manifest: 
  No manifest

Lockfile: 
  No lockfile
